<?xml version="1.0" encoding="UTF-8"?>
<!-- Generated by org.testng.reporters.JUnitXMLReporter -->
<testsuite hostname="ranjitha" name="Default test" tests="3" failures="0" timestamp="23 Jan 2017 22:22:31 GMT" time="9.471" errors="0">
  <testcase name="applicationTest" time="0.017" classname="shoestore.shoestore.AppTest"/>
  <testcase name="enterintoshoestore" time="8.613" classname="shoestore.shoestore.AppTest"/>
  <testcase name="validEmailId" time="0.819" classname="shoestore.shoestore.AppTest"/>
</testsuite> <!-- Default test -->
