<?xml version="1.0" encoding="UTF-8"?>
<testng-results skipped="0" failed="0" total="3" passed="3">
  <reporter-output>
  </reporter-output>
  <suite name="Default suite" duration-ms="9471" started-at="2017-01-23T22:22:22Z" finished-at="2017-01-23T22:22:31Z">
    <groups>
    </groups>
    <test name="Default test" duration-ms="9471" started-at="2017-01-23T22:22:22Z" finished-at="2017-01-23T22:22:31Z">
      <class name="shoestore.shoestore.AppTest">
        <test-method status="PASS" signature="applicationTest()[pri:0, instance:shoestore.shoestore.AppTest@8bd1b6a]" name="applicationTest" duration-ms="17" started-at="2017-01-23T17:22:22Z" finished-at="2017-01-23T17:22:22Z">
          <reporter-output>
          </reporter-output>
        </test-method> <!-- applicationTest -->
        <test-method status="PASS" signature="enterintoshoestore()[pri:0, instance:shoestore.shoestore.AppTest@8bd1b6a]" name="enterintoshoestore" duration-ms="8613" started-at="2017-01-23T17:22:22Z" finished-at="2017-01-23T17:22:30Z">
          <reporter-output>
          </reporter-output>
        </test-method> <!-- enterintoshoestore -->
        <test-method status="PASS" signature="validEmailId()[pri:0, instance:shoestore.shoestore.AppTest@8bd1b6a]" name="validEmailId" duration-ms="819" started-at="2017-01-23T17:22:30Z" finished-at="2017-01-23T17:22:31Z">
          <reporter-output>
          </reporter-output>
        </test-method> <!-- validEmailId -->
      </class> <!-- shoestore.shoestore.AppTest -->
    </test> <!-- Default test -->
  </suite> <!-- Default suite -->
</testng-results>
